<testsuite name="chat_room.Room lifecycle and chat messaging" tests="4" errors="4" failures="0" skipped="0" time="0.030405" timestamp="2026-04-06T18:04:47.607882" hostname="LAPTOP-SJOAEN66"><testcase classname="chat_room.Room lifecycle and chat messaging" name="Two users can create and join the same room" status="error" time="0.013484"><error type="WebSocketBadStatusException" message="Handshake status 404 Not Found -+-+- {'connection': 'Keep-Alive', 'server': 'Embedthis-http', 'cache-control': 'no-cache', 'date': 'Mon, 06 Apr 2026 16:04:47 GMT', 'content-length': '173', 'keep-alive': 'timeout=60, max=199'} -+-+- b'&lt;!DOCTYPE html&gt;\r\n&lt;html&gt;&lt;head&gt;&lt;title&gt;Not Found&lt;/title&gt;&lt;/head&gt;\r\n&lt;body&gt;\r\n&lt;h2&gt;Access Error: 404 -- Not Found&lt;/h2&gt;\r\n&lt;pre&gt;Cannot open document for: /room&lt;/pre&gt;\r\n&lt;/body&gt;\r\n&lt;/html&gt;\r\n'">
<![CDATA[
Failing step: And WebSocket client "alice" is connected ... error in 0.013s
Location: features/chat_room.feature:6
Traceback (most recent call last):
  File "C:\Programming\My source\PhantomChat.BlackboxTestBDD\.venv\Lib\site-packages\behave\model.py", line 1991, in run
    match.run(runner.context)
    ~~~~~~~~~^^^^^^^^^^^^^^^^
  File "C:\Programming\My source\PhantomChat.BlackboxTestBDD\.venv\Lib\site-packages\behave\matchers.py", line 105, in run
    self.func(context, *args, **kwargs)
    ~~~~~~~~~^^^^^^^^^^^^^^^^^^^^^^^^^^
  File "features\steps\connection_steps.py", line 77, in step_connect_client
    client.connect()
    ~~~~~~~~~~~~~~^^
  File "C:\Programming\My source\PhantomChat.BlackboxTestBDD\src\phantomchat_blackbox\socket_client.py", line 39, in connect
    self._socket = websocket.create_connection(self.url, timeout=self.timeout_seconds, **options)
                   ~~~~~~~~~~~~~~~~~~~~~~~~~~~^^^^^^^^^^^^^^^^^^^^^^^^^^^^^^^^^^^^^^^^^^^^^^^^^^^
  File "C:\Programming\My source\PhantomChat.BlackboxTestBDD\.venv\Lib\site-packages\websocket\_core.py", line 664, in create_connection
    websock.connect(url, **options)
    ~~~~~~~~~~~~~~~^^^^^^^^^^^^^^^^
  File "C:\Programming\My source\PhantomChat.BlackboxTestBDD\.venv\Lib\site-packages\websocket\_core.py", line 268, in connect
    self.handshake_response = handshake(self.sock, url, *addrs, **options)
                              ~~~~~~~~~^^^^^^^^^^^^^^^^^^^^^^^^^^^^^^^^^^^
  File "C:\Programming\My source\PhantomChat.BlackboxTestBDD\.venv\Lib\site-packages\websocket\_handshake.py", line 66, in handshake
    status, resp = _get_resp_headers(sock)
                   ~~~~~~~~~~~~~~~~~^^^^^^
  File "C:\Programming\My source\PhantomChat.BlackboxTestBDD\.venv\Lib\site-packages\websocket\_handshake.py", line 158, in _get_resp_headers
    raise WebSocketBadStatusException(
    ...<5 lines>...
    )
websocket._exceptions.WebSocketBadStatusException: Handshake status 404 Not Found -+-+- {'connection': 'Keep-Alive', 'server': 'Embedthis-http', 'cache-control': 'no-cache', 'date': 'Mon, 06 Apr 2026 16:04:47 GMT', 'content-length': '173', 'keep-alive': 'timeout=60, max=199'} -+-+- b'<!DOCTYPE html>\r\n<html><head><title>Not Found</title></head>\r\n<body>\r\n<h2>Access Error: 404 -- Not Found</h2>\r\n<pre>Cannot open document for: /room</pre>\r\n</body>\r\n</html>\r\n'
]]>
</error><system-out>
<![CDATA[
@scenario.begin
  Scenario: Two users can create and join the same room
    Given a unique room alias "main_room" ... passed in 0.001s
    And WebSocket client "alice" is connected ... error in 0.013s
    And WebSocket client "bob" is connected ... skipped in 0.000s
    When client "alice" joins room "main_room" with a generated libsodium-style public key ... skipped in 0.000s
    Then the response for client "alice" should contain ... skipped in 0.000s
      | field        | value     |
      | status       | 0         |
      | room_created | true      |
      | room_name    | main_room |
      | members      | alice     |
    When client "bob" joins room "main_room" with a generated libsodium-style public key ... skipped in 0.000s
    Then the response for client "bob" should contain ... skipped in 0.000s
      | field        | value     |
      | status       | 0         |
      | room_created | false     |
      | room_name    | main_room |
      | members      | alice,bob |
    And client "alice" should receive a "UserEnteredRoom" event containing ... skipped in 0.000s
      | field     | value     |
      | room_name | main_room |
      | user_uuid | bob       |

@scenario.end
--------------------------------------------------------------------------------
]]>
</system-out></testcase><testcase classname="chat_room.Room lifecycle and chat messaging" name="A joined user can send a chat message to the room" status="error" time="0.0064"><error type="WebSocketBadStatusException" message="Handshake status 404 Not Found -+-+- {'connection': 'Keep-Alive', 'server': 'Embedthis-http', 'cache-control': 'no-cache', 'date': 'Mon, 06 Apr 2026 16:04:47 GMT', 'content-length': '173', 'keep-alive': 'timeout=60, max=199'} -+-+- b'&lt;!DOCTYPE html&gt;\r\n&lt;html&gt;&lt;head&gt;&lt;title&gt;Not Found&lt;/title&gt;&lt;/head&gt;\r\n&lt;body&gt;\r\n&lt;h2&gt;Access Error: 404 -- Not Found&lt;/h2&gt;\r\n&lt;pre&gt;Cannot open document for: /room&lt;/pre&gt;\r\n&lt;/body&gt;\r\n&lt;/html&gt;\r\n'">
<![CDATA[
Failing step: And WebSocket client "alice" is connected ... error in 0.006s
Location: features/chat_room.feature:29
Traceback (most recent call last):
  File "C:\Programming\My source\PhantomChat.BlackboxTestBDD\.venv\Lib\site-packages\behave\model.py", line 1991, in run
    match.run(runner.context)
    ~~~~~~~~~^^^^^^^^^^^^^^^^
  File "C:\Programming\My source\PhantomChat.BlackboxTestBDD\.venv\Lib\site-packages\behave\matchers.py", line 105, in run
    self.func(context, *args, **kwargs)
    ~~~~~~~~~^^^^^^^^^^^^^^^^^^^^^^^^^^
  File "features\steps\connection_steps.py", line 77, in step_connect_client
    client.connect()
    ~~~~~~~~~~~~~~^^
  File "C:\Programming\My source\PhantomChat.BlackboxTestBDD\src\phantomchat_blackbox\socket_client.py", line 39, in connect
    self._socket = websocket.create_connection(self.url, timeout=self.timeout_seconds, **options)
                   ~~~~~~~~~~~~~~~~~~~~~~~~~~~^^^^^^^^^^^^^^^^^^^^^^^^^^^^^^^^^^^^^^^^^^^^^^^^^^^
  File "C:\Programming\My source\PhantomChat.BlackboxTestBDD\.venv\Lib\site-packages\websocket\_core.py", line 664, in create_connection
    websock.connect(url, **options)
    ~~~~~~~~~~~~~~~^^^^^^^^^^^^^^^^
  File "C:\Programming\My source\PhantomChat.BlackboxTestBDD\.venv\Lib\site-packages\websocket\_core.py", line 268, in connect
    self.handshake_response = handshake(self.sock, url, *addrs, **options)
                              ~~~~~~~~~^^^^^^^^^^^^^^^^^^^^^^^^^^^^^^^^^^^
  File "C:\Programming\My source\PhantomChat.BlackboxTestBDD\.venv\Lib\site-packages\websocket\_handshake.py", line 66, in handshake
    status, resp = _get_resp_headers(sock)
                   ~~~~~~~~~~~~~~~~~^^^^^^
  File "C:\Programming\My source\PhantomChat.BlackboxTestBDD\.venv\Lib\site-packages\websocket\_handshake.py", line 158, in _get_resp_headers
    raise WebSocketBadStatusException(
    ...<5 lines>...
    )
websocket._exceptions.WebSocketBadStatusException: Handshake status 404 Not Found -+-+- {'connection': 'Keep-Alive', 'server': 'Embedthis-http', 'cache-control': 'no-cache', 'date': 'Mon, 06 Apr 2026 16:04:47 GMT', 'content-length': '173', 'keep-alive': 'timeout=60, max=199'} -+-+- b'<!DOCTYPE html>\r\n<html><head><title>Not Found</title></head>\r\n<body>\r\n<h2>Access Error: 404 -- Not Found</h2>\r\n<pre>Cannot open document for: /room</pre>\r\n</body>\r\n</html>\r\n'
]]>
</error><system-out>
<![CDATA[
@scenario.begin
  Scenario: A joined user can send a chat message to the room
    Given a unique room alias "chat_room" ... passed in 0.001s
    And WebSocket client "alice" is connected ... error in 0.006s
    And WebSocket client "bob" is connected ... skipped in 0.000s
    And client "alice" joins room "chat_room" with a generated libsodium-style public key ... skipped in 0.000s
    And client "bob" joins room "chat_room" with a generated libsodium-style public key ... skipped in 0.000s
    When client "alice" sends chat message "hello from behave" ... skipped in 0.000s
    Then the response for client "alice" should contain ... skipped in 0.000s
      | field   | value             |
      | status  | 0                 |
      | message | hello from behave |
    And client "alice" should receive a "NewMessageReceived" event containing ... skipped in 0.000s
      | field       | value             |
      | sender_uuid | alice             |
      | message     | hello from behave |
    And client "bob" should receive a "NewMessageReceived" event containing ... skipped in 0.000s
      | field       | value             |
      | sender_uuid | alice             |
      | message     | hello from behave |

@scenario.end
--------------------------------------------------------------------------------
]]>
</system-out></testcase><testcase classname="chat_room.Room lifecycle and chat messaging" name="The server rejects a chat message from a client outside any room" status="error" time="0.004246"><error type="WebSocketBadStatusException" message="Handshake status 404 Not Found -+-+- {'connection': 'Keep-Alive', 'server': 'Embedthis-http', 'cache-control': 'no-cache', 'date': 'Mon, 06 Apr 2026 16:04:47 GMT', 'content-length': '173', 'keep-alive': 'timeout=60, max=199'} -+-+- b'&lt;!DOCTYPE html&gt;\r\n&lt;html&gt;&lt;head&gt;&lt;title&gt;Not Found&lt;/title&gt;&lt;/head&gt;\r\n&lt;body&gt;\r\n&lt;h2&gt;Access Error: 404 -- Not Found&lt;/h2&gt;\r\n&lt;pre&gt;Cannot open document for: /room&lt;/pre&gt;\r\n&lt;/body&gt;\r\n&lt;/html&gt;\r\n'">
<![CDATA[
Failing step: Given WebSocket client "alice" is connected ... error in 0.004s
Location: features/chat_room.feature:48
Traceback (most recent call last):
  File "C:\Programming\My source\PhantomChat.BlackboxTestBDD\.venv\Lib\site-packages\behave\model.py", line 1991, in run
    match.run(runner.context)
    ~~~~~~~~~^^^^^^^^^^^^^^^^
  File "C:\Programming\My source\PhantomChat.BlackboxTestBDD\.venv\Lib\site-packages\behave\matchers.py", line 105, in run
    self.func(context, *args, **kwargs)
    ~~~~~~~~~^^^^^^^^^^^^^^^^^^^^^^^^^^
  File "features\steps\connection_steps.py", line 77, in step_connect_client
    client.connect()
    ~~~~~~~~~~~~~~^^
  File "C:\Programming\My source\PhantomChat.BlackboxTestBDD\src\phantomchat_blackbox\socket_client.py", line 39, in connect
    self._socket = websocket.create_connection(self.url, timeout=self.timeout_seconds, **options)
                   ~~~~~~~~~~~~~~~~~~~~~~~~~~~^^^^^^^^^^^^^^^^^^^^^^^^^^^^^^^^^^^^^^^^^^^^^^^^^^^
  File "C:\Programming\My source\PhantomChat.BlackboxTestBDD\.venv\Lib\site-packages\websocket\_core.py", line 664, in create_connection
    websock.connect(url, **options)
    ~~~~~~~~~~~~~~~^^^^^^^^^^^^^^^^
  File "C:\Programming\My source\PhantomChat.BlackboxTestBDD\.venv\Lib\site-packages\websocket\_core.py", line 268, in connect
    self.handshake_response = handshake(self.sock, url, *addrs, **options)
                              ~~~~~~~~~^^^^^^^^^^^^^^^^^^^^^^^^^^^^^^^^^^^
  File "C:\Programming\My source\PhantomChat.BlackboxTestBDD\.venv\Lib\site-packages\websocket\_handshake.py", line 66, in handshake
    status, resp = _get_resp_headers(sock)
                   ~~~~~~~~~~~~~~~~~^^^^^^
  File "C:\Programming\My source\PhantomChat.BlackboxTestBDD\.venv\Lib\site-packages\websocket\_handshake.py", line 158, in _get_resp_headers
    raise WebSocketBadStatusException(
    ...<5 lines>...
    )
websocket._exceptions.WebSocketBadStatusException: Handshake status 404 Not Found -+-+- {'connection': 'Keep-Alive', 'server': 'Embedthis-http', 'cache-control': 'no-cache', 'date': 'Mon, 06 Apr 2026 16:04:47 GMT', 'content-length': '173', 'keep-alive': 'timeout=60, max=199'} -+-+- b'<!DOCTYPE html>\r\n<html><head><title>Not Found</title></head>\r\n<body>\r\n<h2>Access Error: 404 -- Not Found</h2>\r\n<pre>Cannot open document for: /room</pre>\r\n</body>\r\n</html>\r\n'
]]>
</error><system-out>
<![CDATA[
@scenario.begin
  Scenario: The server rejects a chat message from a client outside any room
    Given WebSocket client "alice" is connected ... error in 0.004s
    When client "alice" sends chat message "this should fail" ... skipped in 0.000s
    Then the response for client "alice" should contain ... skipped in 0.000s
      | field   | value              |
      | status  | 1                  |
      | message | User not in a room |

@scenario.end
--------------------------------------------------------------------------------
]]>
</system-out></testcase><testcase classname="chat_room.Room lifecycle and chat messaging" name="Leaving a room notifies the remaining participants" status="error" time="0.006274"><error type="WebSocketBadStatusException" message="Handshake status 404 Not Found -+-+- {'connection': 'Keep-Alive', 'server': 'Embedthis-http', 'cache-control': 'no-cache', 'date': 'Mon, 06 Apr 2026 16:04:47 GMT', 'content-length': '173', 'keep-alive': 'timeout=60, max=199'} -+-+- b'&lt;!DOCTYPE html&gt;\r\n&lt;html&gt;&lt;head&gt;&lt;title&gt;Not Found&lt;/title&gt;&lt;/head&gt;\r\n&lt;body&gt;\r\n&lt;h2&gt;Access Error: 404 -- Not Found&lt;/h2&gt;\r\n&lt;pre&gt;Cannot open document for: /room&lt;/pre&gt;\r\n&lt;/body&gt;\r\n&lt;/html&gt;\r\n'">
<![CDATA[
Failing step: And WebSocket client "alice" is connected ... error in 0.006s
Location: features/chat_room.feature:57
Traceback (most recent call last):
  File "C:\Programming\My source\PhantomChat.BlackboxTestBDD\.venv\Lib\site-packages\behave\model.py", line 1991, in run
    match.run(runner.context)
    ~~~~~~~~~^^^^^^^^^^^^^^^^
  File "C:\Programming\My source\PhantomChat.BlackboxTestBDD\.venv\Lib\site-packages\behave\matchers.py", line 105, in run
    self.func(context, *args, **kwargs)
    ~~~~~~~~~^^^^^^^^^^^^^^^^^^^^^^^^^^
  File "features\steps\connection_steps.py", line 77, in step_connect_client
    client.connect()
    ~~~~~~~~~~~~~~^^
  File "C:\Programming\My source\PhantomChat.BlackboxTestBDD\src\phantomchat_blackbox\socket_client.py", line 39, in connect
    self._socket = websocket.create_connection(self.url, timeout=self.timeout_seconds, **options)
                   ~~~~~~~~~~~~~~~~~~~~~~~~~~~^^^^^^^^^^^^^^^^^^^^^^^^^^^^^^^^^^^^^^^^^^^^^^^^^^^
  File "C:\Programming\My source\PhantomChat.BlackboxTestBDD\.venv\Lib\site-packages\websocket\_core.py", line 664, in create_connection
    websock.connect(url, **options)
    ~~~~~~~~~~~~~~~^^^^^^^^^^^^^^^^
  File "C:\Programming\My source\PhantomChat.BlackboxTestBDD\.venv\Lib\site-packages\websocket\_core.py", line 268, in connect
    self.handshake_response = handshake(self.sock, url, *addrs, **options)
                              ~~~~~~~~~^^^^^^^^^^^^^^^^^^^^^^^^^^^^^^^^^^^
  File "C:\Programming\My source\PhantomChat.BlackboxTestBDD\.venv\Lib\site-packages\websocket\_handshake.py", line 66, in handshake
    status, resp = _get_resp_headers(sock)
                   ~~~~~~~~~~~~~~~~~^^^^^^
  File "C:\Programming\My source\PhantomChat.BlackboxTestBDD\.venv\Lib\site-packages\websocket\_handshake.py", line 158, in _get_resp_headers
    raise WebSocketBadStatusException(
    ...<5 lines>...
    )
websocket._exceptions.WebSocketBadStatusException: Handshake status 404 Not Found -+-+- {'connection': 'Keep-Alive', 'server': 'Embedthis-http', 'cache-control': 'no-cache', 'date': 'Mon, 06 Apr 2026 16:04:47 GMT', 'content-length': '173', 'keep-alive': 'timeout=60, max=199'} -+-+- b'<!DOCTYPE html>\r\n<html><head><title>Not Found</title></head>\r\n<body>\r\n<h2>Access Error: 404 -- Not Found</h2>\r\n<pre>Cannot open document for: /room</pre>\r\n</body>\r\n</html>\r\n'
]]>
</error><system-out>
<![CDATA[
@scenario.begin
  Scenario: Leaving a room notifies the remaining participants
    Given a unique room alias "leave_room" ... passed in 0.001s
    And WebSocket client "alice" is connected ... error in 0.006s
    And WebSocket client "bob" is connected ... skipped in 0.000s
    And client "alice" joins room "leave_room" with a generated libsodium-style public key ... skipped in 0.000s
    And client "bob" joins room "leave_room" with a generated libsodium-style public key ... skipped in 0.000s
    When client "bob" leaves the current room ... skipped in 0.000s
    Then the response for client "bob" should contain ... skipped in 0.000s
      | field   | value     |
      | status  | 0         |
      | message | Left room |
    And client "alice" should receive a "LeaveRoom" event containing ... skipped in 0.000s
      | field     | value |
      | user_uuid | bob   |

@scenario.end
--------------------------------------------------------------------------------
]]>
</system-out></testcase></testsuite>