<testsuite name="call_signaling.Call signaling" tests="1" errors="1" failures="0" skipped="0" time="0.008035" timestamp="2026-04-06T18:04:47.557517" hostname="LAPTOP-SJOAEN66"><testcase classname="call_signaling.Call signaling" name="An SDP offer is relayed to another participant" status="error" time="0.008035"><error type="WebSocketBadStatusException" message="Handshake status 404 Not Found -+-+- {'connection': 'Keep-Alive', 'server': 'Embedthis-http', 'cache-control': 'no-cache', 'date': 'Mon, 06 Apr 2026 16:04:47 GMT', 'content-length': '173', 'keep-alive': 'timeout=60, max=199'} -+-+- b'&lt;!DOCTYPE html&gt;\r\n&lt;html&gt;&lt;head&gt;&lt;title&gt;Not Found&lt;/title&gt;&lt;/head&gt;\r\n&lt;body&gt;\r\n&lt;h2&gt;Access Error: 404 -- Not Found&lt;/h2&gt;\r\n&lt;pre&gt;Cannot open document for: /room&lt;/pre&gt;\r\n&lt;/body&gt;\r\n&lt;/html&gt;\r\n'">
<![CDATA[
Failing step: And WebSocket client "alice" is connected ... error in 0.007s
Location: features/call_signaling.feature:6
Traceback (most recent call last):
  File "C:\Programming\My source\PhantomChat.BlackboxTestBDD\.venv\Lib\site-packages\behave\model.py", line 1991, in run
    match.run(runner.context)
    ~~~~~~~~~^^^^^^^^^^^^^^^^
  File "C:\Programming\My source\PhantomChat.BlackboxTestBDD\.venv\Lib\site-packages\behave\matchers.py", line 105, in run
    self.func(context, *args, **kwargs)
    ~~~~~~~~~^^^^^^^^^^^^^^^^^^^^^^^^^^
  File "features\steps\connection_steps.py", line 77, in step_connect_client
    client.connect()
    ~~~~~~~~~~~~~~^^
  File "C:\Programming\My source\PhantomChat.BlackboxTestBDD\src\phantomchat_blackbox\socket_client.py", line 39, in connect
    self._socket = websocket.create_connection(self.url, timeout=self.timeout_seconds, **options)
                   ~~~~~~~~~~~~~~~~~~~~~~~~~~~^^^^^^^^^^^^^^^^^^^^^^^^^^^^^^^^^^^^^^^^^^^^^^^^^^^
  File "C:\Programming\My source\PhantomChat.BlackboxTestBDD\.venv\Lib\site-packages\websocket\_core.py", line 664, in create_connection
    websock.connect(url, **options)
    ~~~~~~~~~~~~~~~^^^^^^^^^^^^^^^^
  File "C:\Programming\My source\PhantomChat.BlackboxTestBDD\.venv\Lib\site-packages\websocket\_core.py", line 268, in connect
    self.handshake_response = handshake(self.sock, url, *addrs, **options)
                              ~~~~~~~~~^^^^^^^^^^^^^^^^^^^^^^^^^^^^^^^^^^^
  File "C:\Programming\My source\PhantomChat.BlackboxTestBDD\.venv\Lib\site-packages\websocket\_handshake.py", line 66, in handshake
    status, resp = _get_resp_headers(sock)
                   ~~~~~~~~~~~~~~~~~^^^^^^
  File "C:\Programming\My source\PhantomChat.BlackboxTestBDD\.venv\Lib\site-packages\websocket\_handshake.py", line 158, in _get_resp_headers
    raise WebSocketBadStatusException(
    ...<5 lines>...
    )
websocket._exceptions.WebSocketBadStatusException: Handshake status 404 Not Found -+-+- {'connection': 'Keep-Alive', 'server': 'Embedthis-http', 'cache-control': 'no-cache', 'date': 'Mon, 06 Apr 2026 16:04:47 GMT', 'content-length': '173', 'keep-alive': 'timeout=60, max=199'} -+-+- b'<!DOCTYPE html>\r\n<html><head><title>Not Found</title></head>\r\n<body>\r\n<h2>Access Error: 404 -- Not Found</h2>\r\n<pre>Cannot open document for: /room</pre>\r\n</body>\r\n</html>\r\n'
]]>
</error><system-out>
<![CDATA[
@scenario.begin
  Scenario: An SDP offer is relayed to another participant
    Given a unique room alias "call_room" ... passed in 0.001s
    And WebSocket client "alice" is connected ... error in 0.007s
    And WebSocket client "bob" is connected ... skipped in 0.000s
    And client "alice" joins room "call_room" with a generated libsodium-style public key ... skipped in 0.000s
    And client "bob" joins room "call_room" with a generated libsodium-style public key ... skipped in 0.000s
    When client "alice" sends signaling action "OFFER" with JSON payload ... skipped in 0.000s
      """
      {
        "type": "offer",
        "sdp": "dummy-offer-sdp"
      }
      """
    Then the response for client "alice" should contain ... skipped in 0.000s
      | field   | value                               |
      | status  | 0                                   |
      | message | Signal call dispatched successfully |
    And client "bob" should receive a "SignalCallRelay" event containing ... skipped in 0.000s
      | field       | value           |
      | action      | OFFER           |
      | sender_uuid | alice           |
      | data.type   | offer           |
      | data.sdp    | dummy-offer-sdp |

@scenario.end
--------------------------------------------------------------------------------
]]>
</system-out></testcase></testsuite>